"../../../../../Documents/Unreal Projects/VRS/Content/FirstPerson/Meshes/BaseMaterial.uasset" 0
"../../../../../Documents/Unreal Projects/VRS/Content/FirstPerson/Meshes/CubeMaterialOverride.uasset" 1
"../../../../../Documents/Unreal Projects/VRS/Content/FirstPerson/FPWeapon/Mesh/SK_FPGun_PhysicsAsset.uasset" 2
"../../../../../Documents/Unreal Projects/VRS/Content/FirstPerson/FPWeapon/Materials/MaterialLayers/T_ML_FineRubber.uasset" 3
"../../../../../Documents/Unreal Projects/VRS/Content/FirstPerson/Character/Textures/UE4_LOGO_CARD.uasset" 4
"../../../../../Documents/Unreal Projects/VRS/Content/FirstPerson/FPWeapon/Materials/MaterialLayers/ML_Plastic_Shiny_Beige_LOGO.uasset" 5
"../../../../../Documents/Unreal Projects/VRS/Content/FirstPerson/Textures/FirstPersonCrosshair.uasset" 6
"../../../../../Documents/Unreal Projects/VRS/Content/Geometry/Meshes/CubeMaterial.uasset" 7
"../../../../../Documents/Unreal Projects/VRS/Content/Geometry/Meshes/1M_Cube_Chamfer.uasset" 8
"../../../../../Documents/Unreal Projects/VRS/Content/Geometry/Meshes/TemplateFloor.uasset" 9
"../../../Engine/Content/EditorMeshes/ColorCalibrator/T_ColorGrid.uasset" 10
"../../../../../Documents/Unreal Projects/VRS/Content/StarterContent/Materials/M_ColorGrid_LowSpec.uasset" 11
"../../../../../Documents/Unreal Projects/VRS/Content/StarterContent/Materials/M_Basic_Wall.uasset" 12
"../../../../../Documents/Unreal Projects/VRS/Content/StarterContent/Architecture/Wall_Door_400x400.uasset" 13
"../../../../../Documents/Unreal Projects/VRS/Content/StarterContent/Architecture/Wall_400x300.uasset" 14
"../../../../../Documents/Unreal Projects/VRS/Content/StarterContent/Architecture/Pillar_50x500.uasset" 15
"../../../../../Documents/Unreal Projects/VRS/Content/StarterContent/Architecture/Wall_Window_400x400.uasset" 16
"../../../../../Documents/Unreal Projects/VRS/Content/StarterContent/Architecture/Wall_400x400.uasset" 17
"../../../../../Documents/Unreal Projects/VRS/Content/StarterContent/Architecture/Wall_500x500.uasset" 18
"../../../../../Documents/Unreal Projects/VRS/Content/StarterContent/Audio/Explosion_Cue.uasset" 19
"../../../../../Documents/Unreal Projects/VRS/Content/StarterContent/Textures/T_Burst_M.uasset" 20
"../../../../../Documents/Unreal Projects/VRS/Content/StarterContent/Particles/Materials/M_Burst.uasset" 21
"../../../../../Documents/Unreal Projects/VRS/Content/StarterContent/Textures/T_Explosion_SubUV.uasset" 22
"../../../../../Documents/Unreal Projects/VRS/Content/StarterContent/Particles/Materials/M_explosion_subUV.uasset" 23
"../../../../../Documents/Unreal Projects/VRS/Content/StarterContent/Particles/Materials/m_flare_01.uasset" 24
"../../../Engine/Content/Functions/Engine_MaterialFunctions01/Gradient/RadialGradient.uasset" 25
"../../../../../Documents/Unreal Projects/VRS/Content/StarterContent/Particles/Materials/M_radial_ramp.uasset" 26
"../../../../../Documents/Unreal Projects/VRS/Content/StarterContent/Textures/T_Smoke_SubUV.uasset" 27
"../../../../../Documents/Unreal Projects/VRS/Content/StarterContent/Textures/T_Smoke_Tiled_D.uasset" 28
"../../../../../Documents/Unreal Projects/VRS/Content/StarterContent/Particles/Materials/M_smoke_subUV.uasset" 29
"../../../../../Documents/Unreal Projects/VRS/Content/StarterContent/Particles/P_Explosion.uasset" 30
"../../../../../Documents/Unreal Projects/VRS/Content/StarterContent/Blueprints/Blueprint_Effect_Explosion.uasset" 31
"../../../../../Documents/Unreal Projects/VRS/Content/StarterContent/Materials/M_Basic_Floor.uasset" 32
"../../../../../Documents/Unreal Projects/VRS/Content/StarterContent/Props/SM_Stairs.uasset" 33
"../../../../../Documents/Unreal Projects/VRS/Content/StarterContent/Props/Materials/M_MaterialSphere.uasset" 34
"../../../../../Documents/Unreal Projects/VRS/Content/StarterContent/Props/Materials/M_MaterialSphere_Plain.uasset" 35
"../../../../../Documents/Unreal Projects/VRS/Content/StarterContent/Props/SM_MatPreviewMesh_02.uasset" 36
"../../../Engine/Content/Functions/Engine_MaterialFunctions02/Utility/BlendAngleCorrectedNormals.uasset" 37
"../../../../../Documents/Unreal Projects/VRS/Content/StarterContent/Textures/T_Detail_Rocky_N.uasset" 38
"../../../../../Documents/Unreal Projects/VRS/Content/StarterContent/Textures/T_Rock_Basalt_D.uasset" 39
"../../../../../Documents/Unreal Projects/VRS/Content/StarterContent/Textures/T_RockMesh_M.uasset" 40
"../../../../../Documents/Unreal Projects/VRS/Content/StarterContent/Textures/T_RockMesh_N.uasset" 41
"../../../../../Documents/Unreal Projects/VRS/Content/StarterContent/Props/Materials/M_Rock.uasset" 42
"../../../../../Documents/Unreal Projects/VRS/Content/StarterContent/Props/SM_Rock.uasset" 43
"../../../../../Documents/Unreal Projects/VRS/Content/StarterContent/Textures/T_Chair_M.uasset" 44
"../../../../../Documents/Unreal Projects/VRS/Content/StarterContent/Textures/T_Chair_N.uasset" 45
"../../../../../Documents/Unreal Projects/VRS/Content/StarterContent/Props/Materials/M_Chair.uasset" 46
"../../../../../Documents/Unreal Projects/VRS/Content/StarterContent/Props/SM_Couch.uasset" 47
"../../../../../Documents/Unreal Projects/VRS/Content/StarterContent/Textures/T_Shelf_M.uasset" 48
"../../../../../Documents/Unreal Projects/VRS/Content/StarterContent/Textures/T_Shelf_N.uasset" 49
"../../../../../Documents/Unreal Projects/VRS/Content/StarterContent/Props/Materials/M_Shelf.uasset" 50
"../../../../../Documents/Unreal Projects/VRS/Content/StarterContent/Props/SM_Shelf.uasset" 51
"../../../../../Documents/Unreal Projects/VRS/Content/StarterContent/Materials/M_Glass.uasset" 52
"../../../../../Documents/Unreal Projects/VRS/Content/StarterContent/Textures/T_Door_M.uasset" 53
"../../../../../Documents/Unreal Projects/VRS/Content/StarterContent/Textures/T_Door_N.uasset" 54
"../../../../../Documents/Unreal Projects/VRS/Content/StarterContent/Props/Materials/M_Door.uasset" 55
"../../../../../Documents/Unreal Projects/VRS/Content/StarterContent/Props/SM_Door.uasset" 56
"../../../../../Documents/Unreal Projects/VRS/Content/StarterContent/Textures/T_Bush_D.uasset" 57
"../../../../../Documents/Unreal Projects/VRS/Content/StarterContent/Textures/T_Bush_N.uasset" 58
"../../../../../Documents/Unreal Projects/VRS/Content/StarterContent/Props/Materials/M_Bush.uasset" 59
"../../../../../Documents/Unreal Projects/VRS/Content/StarterContent/Props/SM_Bush.uasset" 60
"../../../../../Documents/Unreal Projects/VRS/Content/StarterContent/Shapes/Shape_Trim_90_Out.uasset" 61
"../../../../../Documents/Unreal Projects/VRS/Content/StarterContent/Shapes/Shape_Trim.uasset" 62
"../../../../../Documents/Unreal Projects/VRS/Content/StarterContent/Shapes/Shape_Tube.uasset" 63
"../../../../../Documents/Unreal Projects/VRS/Content/StarterContent/Shapes/Shape_Pipe_90.uasset" 64
"../../../../../Documents/Unreal Projects/VRS/Content/StarterContent/Shapes/Shape_NarrowCapsule.uasset" 65
"../../../../../Documents/Unreal Projects/VRS/Content/StarterContent/Shapes/Shape_Plane.uasset" 66
"../../../../../Documents/Unreal Projects/VRS/Content/StarterContent/Shapes/Shape_Pipe.uasset" 67
"../../../../../Documents/Unreal Projects/VRS/Content/StarterContent/Shapes/Shape_WideCapsule.uasset" 68
"../../../../../Documents/Unreal Projects/VRS/Content/StarterContent/Shapes/Shape_Pipe_180.uasset" 69
"../../../../../Documents/Unreal Projects/VRS/Content/StarterContent/Shapes/Shape_TriPyramid.uasset" 70
"../../../../../Documents/Unreal Projects/VRS/Content/StarterContent/Shapes/Shape_Wedge_A.uasset" 71
"../../../../../Documents/Unreal Projects/VRS/Content/StarterContent/Shapes/Shape_Cylinder.uasset" 72
"../../../../../Documents/Unreal Projects/VRS/Content/StarterContent/Shapes/Shape_Cone.uasset" 73
"../../../../../Documents/Unreal Projects/VRS/Content/StarterContent/Shapes/Shape_Wedge_B.uasset" 74
"../../../../../Documents/Unreal Projects/VRS/Content/StarterContent/Shapes/Shape_Trim_90_In.uasset" 75
"../../../../../Documents/Unreal Projects/VRS/Content/StarterContent/Shapes/Shape_Torus.uasset" 76
"../../../../../Documents/Unreal Projects/VRS/Content/StarterContent/Audio/Light01.uasset" 77
"../../../../../Documents/Unreal Projects/VRS/Content/StarterContent/Audio/Starter_Wind06.uasset" 78
"../../../../../Documents/Unreal Projects/VRS/Content/StarterContent/Audio/Light01_Cue.uasset" 79
"../../../../../Documents/Unreal Projects/VRS/Content/StarterContent/Audio/Starter_Birds01.uasset" 80
"../../../../../Documents/Unreal Projects/VRS/Content/StarterContent/Audio/Collapse01.uasset" 81
"../../../../../Documents/Unreal Projects/VRS/Content/StarterContent/Audio/Explosion02.uasset" 82
"../../../../../Documents/Unreal Projects/VRS/Content/StarterContent/Audio/Light02_Cue.uasset" 83
"../../../../../Documents/Unreal Projects/VRS/Content/StarterContent/Audio/Steam01.uasset" 84
"../../../../../Documents/Unreal Projects/VRS/Content/StarterContent/Audio/Fire_Sparks01.uasset" 85
"../../../../../Documents/Unreal Projects/VRS/Content/StarterContent/Audio/Fire01.uasset" 86
"../../../../../Documents/Unreal Projects/VRS/Content/StarterContent/Audio/Light02.uasset" 87
"../../../../../Documents/Unreal Projects/VRS/Content/StarterContent/Audio/Collapse02.uasset" 88
"../../../../../Documents/Unreal Projects/VRS/Content/StarterContent/Audio/Smoke01.uasset" 89
"../../../../../Documents/Unreal Projects/VRS/Content/StarterContent/Audio/Explosion01.uasset" 90
"../../../../../Documents/Unreal Projects/VRS/Content/StarterContent/Audio/Starter_Wind05.uasset" 91
"../../../../../Documents/Unreal Projects/VRS/Content/StarterContent/Audio/Starter_Music01.uasset" 92
"../../../Engine/Content/EngineFonts/Faces/RobotoBold.uasset" 93
"../../../Engine/Content/EngineFonts/Faces/RobotoBoldItalic.uasset" 94
"../../../Engine/Content/EngineFonts/Faces/RobotoItalic.uasset" 95
"../../../Engine/Content/EngineFonts/Faces/RobotoLight.uasset" 96
"../../../Engine/Content/EngineFonts/Faces/RobotoRegular.uasset" 97
"../../../Engine/Content/EngineFonts/Roboto.uasset" 98
"../../../Engine/Content/EngineFonts/Faces/RobotoTiny.uasset" 99
"../../../Engine/Content/EngineFonts/RobotoTiny.uasset" 100
"../../../Engine/Content/EditorSounds/Notifications/CompileSuccess.uasset" 101
"../../../Engine/Content/EditorSounds/Notifications/CompileStart_Cue.uasset" 102
"../../../Engine/Content/EditorSounds/Notifications/CompileFailed.uasset" 103
"../../../Engine/Content/EditorSounds/Notifications/CompileFailed_Cue.uasset" 104
"../../../Engine/Content/EditorSounds/Notifications/CompileSuccess_Cue.uasset" 105
"../../../Engine/Content/EngineSounds/Master.uasset" 106
"../../../Engine/Content/MobileResources/T_MobileMenu2.uasset" 107
"../../../Engine/Content/MobileResources/T_MobileControls_texture.uasset" 108
"../../../Engine/Content/MobileResources/HUD/AnalogHat.uasset" 109
"../../../Engine/Content/MobileResources/HUD/T_Castle_ThumbstickInner.uasset" 110
"../../../Engine/Content/MobileResources/HUD/MobileHUDButtonFire.uasset" 111
"../../../Engine/Content/MobileResources/HUD/MobileHUDButton1_on.uasset" 112
"../../../Engine/Content/MobileResources/HUD/MobileHUDButton1_off.uasset" 113
"../../../Engine/Content/MobileResources/HUD/VirtualJoystick_Background.uasset" 114
"../../../Engine/Content/MobileResources/HUD/VirtualJoystick_Thumb.uasset" 115
"../../../Engine/Content/MobileResources/HUD/LeftVirtualJoystickOnly.uasset" 116
"../../../Engine/Content/MobileResources/HUD/MobileHUDButton3.uasset" 117
"../../../Engine/Content/MobileResources/HUD/MobileHUDDirectionPad3.uasset" 118
"../../../Engine/Content/MobileResources/HUD/MobileHUDDirectionPad.uasset" 119
"../../../Engine/Content/MobileResources/HUD/T_Castle_ThumbstickOutter.uasset" 120
"../../../Engine/Content/MobileResources/HUD/MobileHUDDirectionPad2.uasset" 121
"../../../Engine/Content/MobileResources/HUD/DefaultVirtualJoysticks.uasset" 122
"../../../Engine/Content/MobileResources/HUD/MobileHUDButton2_off.uasset" 123
"../../../Engine/Content/MobileResources/HUD/MobileHUDButton2_on.uasset" 124
"../../../Engine/Content/MobileResources/HUD/MobileHUDDirectionStick.uasset" 125
"../../../Engine/Content/Functions/Engine_MaterialFunctions02/Utility/BreakOutFloat2Components.uasset" 126
"../../../Engine/Content/EngineMaterials/DefaultDiffuse.uasset" 127
"../../../Engine/Content/EngineMaterials/DefaultPostProcessMaterial.uasset" 128
"../../../Engine/Content/EngineMaterials/DefaultBloomKernel.uasset" 129
"../../../Engine/Content/EngineFonts/RobotoDistanceField.uasset" 130
"../../../Engine/Content/EngineMaterials/DefaultTextMaterialOpaque.uasset" 131
"../../../Engine/Content/EngineMaterials/DefaultBokeh.uasset" 132
"../../../Engine/Content/Functions/Engine_MaterialFunctions02/WorldPositionOffset/CameraOffset.uasset" 133
"../../../Engine/Content/EngineMaterials/PhAT_JointLimitMaterial.uasset" 134
"../../../Engine/Content/EngineResources/WhiteSquareTexture.uasset" 135
"../../../Engine/Content/EngineMaterials/Widget3DPassThrough.uasset" 136
"../../../Engine/Content/EngineMaterials/Widget3DPassThrough_Masked.uasset" 137
"../../../Engine/Content/EngineMaterials/Widget3DPassThrough_Opaque.uasset" 138
"../../../Engine/Content/EngineMaterials/Widget3DPassThrough_Opaque_OneSided.uasset" 139
"../../../Engine/Content/EngineMaterials/DefaultPhysicalMaterial.uasset" 140
"../../../Engine/Content/EngineMaterials/WeightMapPlaceholderTexture.uasset" 141
"../../../Engine/Content/EngineMaterials/DefaultWhiteGrid.uasset" 142
"../../../Engine/Content/EngineMaterials/PreintegratedSkinBRDF.uasset" 143
"../../../Engine/Content/EngineMaterials/Widget3DPassThrough_Masked_OneSided.uasset" 144
"../../../Engine/Content/EngineMaterials/InvalidLightmapSettings.uasset" 145
"../../../Engine/Content/EngineMaterials/M_InvalidLightmapSettings.uasset" 146
"../../../Engine/Content/EngineMaterials/Widget3DPassThrough_Translucent.uasset" 147
"../../../Engine/Content/EngineMaterials/Widget3DPassThrough_Translucent_OneSided.uasset" 148
"../../../Engine/Content/EngineMaterials/RemoveSurfaceMaterial.uasset" 149
"../../../Engine/Content/EngineMaterials/DefaultLightFunctionMaterial.uasset" 150
"../../../Engine/Content/EngineMaterials/Good64x64TilingNoiseHighFreq.uasset" 151
"../../../Engine/Content/EngineMaterials/DefaultDeferredDecalMaterial.uasset" 152
"../../../Engine/Content/EngineMaterials/MiniFont.uasset" 153
"../../../Engine/Content/EngineMaterials/EditorBrushMaterial.uasset" 154
"../../../Engine/Content/EngineDebugMaterials/ClothMaterial.uasset" 155
"../../../Engine/Content/EngineDebugMaterials/HeatmapGradient.uasset" 156
"../../../Engine/Content/EngineDebugMaterials/BoneWeightMaterial.uasset" 157
"../../../Engine/Content/EngineDebugMaterials/ClothMaterial_WF.uasset" 158
"../../../Engine/Content/EngineDebugMaterials/GeomMaterial.uasset" 159
"../../../Engine/Content/EngineDebugMaterials/DebugMeshMaterial.uasset" 160
"../../../Engine/Content/EngineDebugMaterials/DebugEditorMaterial.uasset" 161
"../../../Engine/Content/EngineDamageTypes/DmgTypeBP_Environmental.uasset" 162
"../../../Engine/Content/EngineResources/Black.uasset" 163
"../../../Engine/Content/EngineResources/DefaultTexture.uasset" 164
"../../../Engine/Content/EngineResources/GradientTexture0.uasset" 165
"../../../Engine/Content/EngineResources/DefaultTextureCube.uasset" 166
"../../../Engine/Content/VREditor/LaserPointer/VR_LaserPower_01.uasset" 167
"../../../Engine/Content/VREditor/TransformGizmo/TransformGizmoMaterial.uasset" 168
"../../../Engine/Content/VREditor/TransformGizmo/TranslucentTransformGizmoMaterial.uasset" 169
"../../../Engine/Content/VREditor/TransformGizmo/BoundingBoxCorner.uasset" 170
"../../../Engine/Content/VREditor/TransformGizmo/TranslucentTransformGizmoMaterial_Inst.uasset" 171
"../../../Engine/Content/VREditor/TransformGizmo/Main.uasset" 172
"../../../Engine/Content/VREditor/TransformGizmo/Xray.uasset" 173
"../../../Engine/Content/VREditor/TransformGizmo/SM_Sequencer_Node.uasset" 174
"../../../Engine/Content/VREditor/TransformGizmo/TransformGizmoMaterial_Inst.uasset" 175
"../../../Engine/Content/VREditor/TransformGizmo/BoundingBoxEdge.uasset" 176
"../../../Engine/Content/VREditor/TransformGizmo/SM_Sequencer_Key.uasset" 177
"../../../Engine/Content/VREditor/TransformGizmo/SM_Dialog_Close.uasset" 178
"../../../Engine/Content/VREditor/TransformGizmo/SM_Dialog_Move.uasset" 179
"../../../Engine/Content/VREditor/TransformGizmo/PlaneTranslationHandle.uasset" 180
"../../../Engine/Content/VREditor/Sounds/VR_teleport.uasset" 181
"../../../Engine/Content/VREditor/Sounds/UI/Dockable_Window_Drop.uasset" 182
"../../../Engine/Content/VREditor/Sounds/UI/Dockable_Window_Open.uasset" 183
"../../../Engine/Content/VREditor/Sounds/UI/Drop_Item_From_ContentBrowser.uasset" 184
"../../../Engine/Content/VREditor/Sounds/UI/Dockable_Window_Pick_Up.uasset" 185
"../../../Engine/Content/VREditor/Sounds/UI/Teleport_Mode_Entered.uasset" 186
"../../../Engine/Content/VREditor/Sounds/UI/Radial_Menu_FadeOut.uasset" 187
"../../../Engine/Content/VREditor/Sounds/UI/Dockable_Window_Close.uasset" 188
"../../../Engine/Content/VREditor/Sounds/UI/Click_on_Button.uasset" 189
"../../../Engine/Content/VREditor/Sounds/UI/Floating_UI_Open-001.uasset" 190
"../../../Engine/Content/VREditor/Sounds/UI/Click_on_Button_Cue.uasset" 191
"../../../Engine/Content/VREditor/Fonts/VRText_RobotoLarge.uasset" 192
"../../../Engine/Content/VREditor/Fonts/VRTextMaterial.uasset" 193
"../../../Engine/Content/VREditor/Fonts/TranslucentVRTextMaterial.uasset" 194
"../../../Engine/Content/Functions/Engine_MaterialFunctions02/Utility/BreakOutFloat3Components.uasset" 195
"../../../Engine/Content/VREditor/Devices/Vive/T_VivePreController_EM.uasset" 196
"../../../Engine/Content/VREditor/Devices/Vive/VivePreController_MasksA.uasset" 197
"../../../Engine/Content/VREditor/Devices/Vive/VivePreController_MasksB.uasset" 198
"../../../Engine/Content/VREditor/Devices/Vive/VivePreControllerDiffuse.uasset" 199
"../../../Engine/Content/VREditor/Devices/Vive/VivePreControllerSpec.uasset" 200
"../../../Engine/Content/VREditor/Devices/Vive/VivePreControllerMaterial.uasset" 201
"../../../Engine/Content/VREditor/Devices/Vive/VivePreControllerMaterial_Inst.uasset" 202
"../../../Engine/Content/VREditor/Devices/Vive/VivePreControllerMesh.uasset" 203
"../../../Engine/Content/VREditor/Devices/Generic/GenericHMDMaterial.uasset" 204
"../../../Engine/Content/VREditor/Devices/Generic/GenericHMD.uasset" 205
"../../../Engine/Content/VREditor/Devices/Oculus/OculusControllerMaterial.uasset" 206
"../../../Engine/Content/VREditor/Devices/Oculus/OculusControllerMaterial_Inst.uasset" 207
"../../../Engine/Content/VREditor/Devices/Oculus/OculusControllerMesh.uasset" 208
"../../../Engine/Content/VREditor/Teleport/TeleportDirectionMaterial.uasset" 209
"../../../Engine/Content/VREditor/Teleport/TeleportDirectionMaterial_Inst.uasset" 210
"../../../Engine/Content/Functions/Engine_MaterialFunctions01/Opacity/CameraDepthFade.uasset" 211
"../../../Engine/Content/EngineMaterials/T_Default_Material_Grid_M.uasset" 212
"../../../Engine/Content/EngineMaterials/T_Default_Material_Grid_N.uasset" 213
"../../../Engine/Content/EngineMaterials/WorldGridMaterial.uasset" 214
"../../../Engine/Content/VREditor/Teleport/TeleportDirectionMesh.uasset" 215
"../../../Engine/Content/VREditor/UI/ArrowMaterial.uasset" 216
"../../../Engine/Content/VREditor/UI/SM_Radial_Pointer.uasset" 217
"../../../Engine/Content/VREditor/UI/KeyDiskMaterial.uasset" 218
"../../../Engine/Content/VREditor/UI/DiscMaterial.uasset" 219
"../../../Engine/Content/VREditor/UI/SM_Radial_Disk.uasset" 220
"../../../Engine/Content/VREditor/Devices/Vive/UE4_Logo.uasset" 221
"../../../Engine/Content/VREditor/UI/M_ContentWindow.uasset" 222
"../../../Engine/Content/VREditor/UI/SM_ContentWindow_01.uasset" 223
"../../../Engine/Content/VREditor/FloatingText/LineMaterial.uasset" 224
"../../../Engine/Content/VREditor/FloatingText/JointSphere.uasset" 225
"../../../Engine/Content/VREditor/FloatingText/LineSegmentCylinder.uasset" 226
"../../../Engine/Content/VREditor/LaserPointer/LaserPointerMaterial.uasset" 227
"../../../Engine/Content/VREditor/LaserPointer/LaserPointerMaterialInst.uasset" 228
"../../../Engine/Content/VREditor/LaserPointer/TranslucentLaserPointerMaterialInst.uasset" 229
"../../../Engine/Content/VREditor/LaserPointer/LaserPointerMesh.uasset" 230
"../../../Engine/Content/VREditor/LaserPointer/LaserPointerMesh_Start.uasset" 231
"../../../Engine/Content/VREditor/LaserPointer/LaserPointerMesh_End.uasset" 232
"../../../Engine/Content/VREditor/LaserPointer/HoverMaterial.uasset" 233
"../../../Engine/Content/VREditor/LaserPointer/TranslucentHoverMaterial.uasset" 234
"../../../Engine/Content/VREditor/LaserPointer/HoverMesh.uasset" 235
"../../../Engine/Content/VREditor/LaserPointer/CursorPointer.uasset" 236
"../../../Engine/Content/EditorLandscapeResources/FlattenHeightMat.uasset" 237
"../../../Engine/Content/VREditor/WorldMovementGrid/PlaneMesh.uasset" 238
"../../../Engine/Content/VREditor/WorldMovementGrid/SimpleGrid.uasset" 239
"../../../Engine/Content/VREditor/WorldMovementGrid/GridMaterial.uasset" 240
"../../../Engine/Content/Functions/Engine_MaterialFunctions01/Density/ExponentialDensity.uasset" 241
"../../../Engine/Content/VREditor/WorldMovementGrid/GridPostProcess.uasset" 242
"../../../Engine/Content/EditorMaterials/GizmoMaterial.uasset" 243
"../../../Engine/Content/EditorMaterials/MAT_Groups_Visibility.uasset" 244
"../../../Engine/Content/EditorMaterials/MAT_Groups_Toggle.uasset" 245
"../../../Engine/Content/EditorMaterials/PreviewShadowIndicator.uasset" 246
"../../../Engine/Content/EditorMaterials/PreviewShadowIndicatorMaterial.uasset" 247
"../../../Engine/Content/EditorMaterials/MatineeGroups/MAT_Groups_Vector.uasset" 248
"../../../Engine/Content/EditorMaterials/MatineeGroups/MAT_Groups_Sound.uasset" 249
"../../../Engine/Content/EditorMaterials/MatineeGroups/MAT_Groups_Anim.uasset" 250
"../../../Engine/Content/EditorMaterials/MatineeGroups/MAT_Groups_Director.uasset" 251
"../../../Engine/Content/EditorMaterials/MatineeGroups/MAT_Groups_Event.uasset" 252
"../../../Engine/Content/EditorMaterials/MatineeGroups/MAT_Groups_Slomo.uasset" 253
"../../../Engine/Content/EditorMaterials/MatineeGroups/MAT_Groups_Float.uasset" 254
"../../../Engine/Content/EditorMaterials/MatineeGroups/MAT_Groups_AudioMaster.uasset" 255
"../../../Engine/Content/EditorMaterials/MatineeGroups/MAT_Groups_Fade.uasset" 256
"../../../Engine/Content/EditorMaterials/MatineeGroups/MAT_Groups_Move.uasset" 257
"../../../Engine/Content/EditorMaterials/MatineeGroups/MAT_ColorTrack.uasset" 258
"../../../Engine/Content/EditorMaterials/ParticleSystems/PSysThumbnail_NoImage.uasset" 259
"../../../Engine/Content/EditorMaterials/ParticleSystems/PSysThumbnail_OOD.uasset" 260
"../../../Engine/Content/EditorLandscapeResources/DataLayer.uasset" 261
"../../../Engine/Content/EditorMaterials/Camera/CineMat.uasset" 262
"../../../Engine/Content/EditorMaterials/Camera/MI_CineMat_Rig.uasset" 263
"../../../Engine/Content/EditorMeshes/Camera/SM_CraneRig_Body.uasset" 264
"../../../Engine/Content/EditorMeshes/Camera/SM_CraneRig_Arm.uasset" 265
"../../../Engine/Content/EditorMeshes/Camera/SM_CraneRig_Mount.uasset" 266
"../../../Engine/Content/EditorMeshes/Camera/SM_RailRig_Mount.uasset" 267
"../../../Engine/Content/EditorMeshes/Camera/SM_RailRig_Track.uasset" 268
"../../../Engine/Content/EditorMeshes/Camera/SM_CraneRig_Base.uasset" 269
"../../../Engine/Content/EditorResources/EmptyActor.uasset" 270
"../../../Engine/Content/EditorResources/BSPVertex.uasset" 271
"../../../Engine/Content/EditorResources/S_Trigger.uasset" 272
"../../../Engine/Content/EditorResources/S_Actor.uasset" 273
"../../../Engine/Content/EditorResources/LightIcons/S_LightError.uasset" 274
"../../../Engine/Content/EditorResources/AudioIcons/S_AudioComponent_AutoActivate.uasset" 275
"../../../Engine/Content/EditorResources/AudioIcons/S_AudioComponent.uasset" 276
"../../../Engine/Content/Tutorial/ContentIntroCurve.uasset" 277
"../../../Engine/Content/Tutorial/Paper2D/TutorialAssets/Paper2DSprite_TutorialIcon.uasset" 278
"../../../Engine/Content/Tutorial/Paper2D/TutorialAssets/Paper2DFlipbook_TutorialIcon.uasset" 279
"../../../Engine/Content/Tutorial/Foliage/TutorialAssets/Foliage.uasset" 280
"../../../Engine/Content/Tutorial/BlueprintTutorials/TutorialAssets/BlueprintMacroLibrary_64x.uasset" 281
"../../../Engine/Content/Tutorial/BlueprintTutorials/TutorialAssets/Tutorial_BP_Interface.uasset" 282
"../../../Engine/Content/Tutorial/BlueprintTutorials/TutorialAssets/Blueprint_64x.uasset" 283
"../../../Engine/Content/Tutorial/BlueprintTutorials/TutorialAssets/BlueprintInterface_64x.uasset" 284
"../../../Engine/Content/Tutorial/Basics/TutorialAssets/icon_tab_Levels_40x.uasset" 285
"../../../Engine/Content/Tutorial/Landscape/TutorialAssets/Landscape.uasset" 286
"../../../Engine/Content/Tutorial/SubEditors/TutorialAssets/icon_ShowSkeletalMeshes_40x.uasset" 287
"../../../Engine/Content/Tutorial/SubEditors/TutorialAssets/TutorialMaterial.uasset" 288
"../../../Engine/Content/Tutorial/SubEditors/TutorialAssets/icon_Editor_Preferences_General_40x.uasset" 289
"../../../Engine/Content/Tutorial/SubEditors/TutorialAssets/T_SmokeSubUV_8X8.uasset" 290
"../../../Engine/Content/Tutorial/SubEditors/TutorialAssets/T_soft_smoke.uasset" 291
"../../../Engine/Content/Tutorial/SubEditors/TutorialAssets/M_smoke_subUV_blackbody.uasset" 292
"../../../Engine/Content/Tutorial/SubEditors/TutorialAssets/TutorialParticleSystem.uasset" 293
"../../../Engine/Content/Functions/Engine_MaterialFunctions01/Shading/ConvertFromDiffSpec.uasset" 294
"../../../Engine/Content/Functions/Engine_MaterialFunctions01/Shading/PowerToRoughness.uasset" 295
"../../../Engine/Content/Maps/Templates/Thumbnails/Default.uasset" 296
"../../../Engine/Content/Maps/Templates/Thumbnails/VR-Basic.uasset" 297
"../../../Engine/Content/EngineMeshes/Sphere.uasset" 298
"../../../Engine/Content/EngineMaterials/DefaultMaterial.uasset" 299
"../../../Engine/Content/EngineMeshes/Cylinder.uasset" 300
"../../../Engine/Content/EngineMeshes/Cube.uasset" 301
"../../../Engine/Content/BasicShapes/Plane.uasset" 302
"../../../Engine/Content/BasicShapes/Cone.uasset" 303
"../../../Engine/Content/BasicShapes/Sphere.uasset" 304
"../../../Engine/Content/BasicShapes/Cylinder.uasset" 305
"../../../Engine/Content/BasicShapes/Cube.uasset" 306
"../../Plugins/2D/Paper2D/Content/DefaultSpriteMaterial.uasset" 307
"../../Plugins/2D/Paper2D/Content/OpaqueUnlitSpriteMaterial.uasset" 308
"../../Plugins/2D/Paper2D/Content/MaskedUnlitSpriteMaterial.uasset" 309
"../../Plugins/2D/Paper2D/Content/PlaceholderTextures/DummySpriteTexture.uasset" 310
"../../Plugins/2D/Paper2D/Content/DummySprite.uasset" 311
"../../Plugins/2D/Paper2D/Content/DefaultPaperTerrainMaterial.uasset" 312
"../../Plugins/Media/MediaCompositing/Content/DefaultMediaPlaneTexture.uasset" 313
"../../Plugins/Media/MediaCompositing/Content/DefaultMediaPlaneMaterial.uasset" 314
"../../../../../Documents/Unreal Projects/VRS/Content/FirstPerson/Character/Mesh/SK_Mannequin_Arms_Skeleton.uasset" 315
"../../../../../Documents/Unreal Projects/VRS/Content/FirstPerson/Animations/FirstPerson_Idle.uasset" 316
"../../../../../Documents/Unreal Projects/VRS/Content/FirstPerson/Animations/FirstPerson_JumpEnd.uasset" 317
"../../../../../Documents/Unreal Projects/VRS/Content/FirstPerson/Animations/FirstPerson_JumpLoop.uasset" 318
"../../../../../Documents/Unreal Projects/VRS/Content/FirstPerson/Animations/FirstPerson_JumpStart.uasset" 319
"../../../../../Documents/Unreal Projects/VRS/Content/FirstPerson/Animations/FirstPerson_Run.uasset" 320
"../../../Engine/Content/EditorBlueprintResources/StandardMacros.uasset" 321
"../../../../../Documents/Unreal Projects/VRS/Content/FirstPerson/Animations/FirstPerson_AnimBP.uasset" 322
"../../../../../Documents/Unreal Projects/VRS/Content/FirstPerson/Animations/FirstPerson_Fire.uasset" 323
"../../../../../Documents/Unreal Projects/VRS/Content/FirstPerson/Animations/FirstPersonFire_Montage.uasset" 324
"../../../../../Documents/Unreal Projects/VRS/Content/FirstPerson/Meshes/FirstPersonProjectileMaterial.uasset" 325
"../../../../../Documents/Unreal Projects/VRS/Content/FirstPerson/Meshes/FirstPersonProjectileMesh.uasset" 326
"../../../../../Documents/Unreal Projects/VRS/Content/FirstPersonCPP/Blueprints/FirstPersonProjectile.uasset" 327
"../../../../../Documents/Unreal Projects/VRS/Content/FirstPerson/Audio/FirstPersonTemplateWeaponFire02.uasset" 328
"../../../Engine/Content/Functions/MaterialLayerFunctions/MatLayerBlend_NormalBlend.uasset" 329
"../../../Engine/Content/Functions/MaterialLayerFunctions/MatLayerBlend_Simple.uasset" 330
"../../../../../Documents/Unreal Projects/VRS/Content/FirstPerson/Character/Materials/MaterialLayers/T_ML_Rubber_Blue_01_D.uasset" 331
"../../../../../Documents/Unreal Projects/VRS/Content/FirstPerson/Character/Materials/MaterialLayers/T_ML_Rubber_Blue_01_N.uasset" 332
"../../../../../Documents/Unreal Projects/VRS/Content/FirstPerson/Character/Materials/MaterialLayers/ML_GlossyBlack_Latex_UE4.uasset" 333
"../../../../../Documents/Unreal Projects/VRS/Content/FirstPerson/Character/Materials/MaterialLayers/ML_Plastic_Shiny_Beige.uasset" 334
"../../../../../Documents/Unreal Projects/VRS/Content/FirstPerson/Character/Materials/MaterialLayers/ML_Plastic_Shiny_Beige_LOGO.uasset" 335
"../../../../../Documents/Unreal Projects/VRS/Content/FirstPerson/Character/Materials/MaterialLayers/T_ML_Aluminum01.uasset" 336
"../../../../../Documents/Unreal Projects/VRS/Content/FirstPerson/Character/Materials/MaterialLayers/T_ML_Aluminum01_N.uasset" 337
"../../../../../Documents/Unreal Projects/VRS/Content/FirstPerson/Character/Materials/MaterialLayers/ML_SoftMetal_UE4.uasset" 338
"../../../../../Documents/Unreal Projects/VRS/Content/FirstPerson/Character/Textures/UE4_Mannequin__normals.uasset" 339
"../../../../../Documents/Unreal Projects/VRS/Content/FirstPerson/Character/Textures/UE4_Mannequin_MAT_MASKA.uasset" 340
"../../../../../Documents/Unreal Projects/VRS/Content/FirstPerson/Character/Materials/M_UE4Man_Body.uasset" 341
"../../../../../Documents/Unreal Projects/VRS/Content/FirstPerson/Character/Mesh/SK_Mannequin_Arms_PhysicsAsset.uasset" 342
"../../../../../Documents/Unreal Projects/VRS/Content/FirstPerson/Character/Mesh/SK_Mannequin_Arms.uasset" 343
"../../../../../Documents/Unreal Projects/VRS/Content/FirstPerson/FPWeapon/Materials/MaterialLayers/T_ML_Rubber_Blue_01_D.uasset" 344
"../../../../../Documents/Unreal Projects/VRS/Content/FirstPerson/FPWeapon/Materials/MaterialLayers/T_ML_Rubber_Blue_01_N.uasset" 345
"../../../../../Documents/Unreal Projects/VRS/Content/FirstPerson/FPWeapon/Materials/MaterialLayers/ML_GlossyBlack_Latex_UE4.uasset" 346
"../../../../../Documents/Unreal Projects/VRS/Content/FirstPerson/FPWeapon/Materials/MaterialLayers/ML_Plastic_Shiny_Beige.uasset" 347
"../../../../../Documents/Unreal Projects/VRS/Content/FirstPerson/FPWeapon/Materials/MaterialLayers/ML_Screen.uasset" 348
"../../../../../Documents/Unreal Projects/VRS/Content/FirstPerson/FPWeapon/Materials/MaterialLayers/T_ML_Aluminum01.uasset" 349
"../../../../../Documents/Unreal Projects/VRS/Content/FirstPerson/FPWeapon/Materials/MaterialLayers/T_ML_Aluminum01_N.uasset" 350
"../../../../../Documents/Unreal Projects/VRS/Content/FirstPerson/FPWeapon/Materials/MaterialLayers/ML_SoftMetal_UE4.uasset" 351
"../../../../../Documents/Unreal Projects/VRS/Content/FirstPerson/FPWeapon/Textures/T_FPGun_M.uasset" 352
"../../../../../Documents/Unreal Projects/VRS/Content/FirstPerson/FPWeapon/Textures/T_FPGun_N.uasset" 353
"../../../../../Documents/Unreal Projects/VRS/Content/FirstPerson/FPWeapon/Materials/M_FPGun.uasset" 354
"../../../../../Documents/Unreal Projects/VRS/Content/FirstPerson/FPWeapon/Mesh/SK_FPGun_Skeleton.uasset" 355
"../../../../../Documents/Unreal Projects/VRS/Content/FirstPerson/FPWeapon/Mesh/SK_FPGun.uasset" 356
"../../../../../Documents/Unreal Projects/VRS/Content/FirstPersonCPP/Blueprints/FirstPersonCharacter.uasset" 357
"../../../Engine/Content/EngineSky/C_Sky_Cloud_Color.uasset" 358
"../../../Engine/Content/EngineSky/C_Sky_Horizon_Color.uasset" 359
"../../../Engine/Content/EngineSky/C_Sky_Zenith_Color.uasset" 360
"../../../Engine/Content/EngineSky/T_Sky_Blue.uasset" 361
"../../../Engine/Content/EngineSky/T_Sky_Clouds_M.uasset" 362
"../../../Engine/Content/EngineSky/T_Sky_Stars.uasset" 363
"../../../Engine/Content/EngineSky/M_Sky_Panning_Clouds2.uasset" 364
"../../../Engine/Content/EngineSky/SM_SkySphere.uasset" 365
"../../../Engine/Content/EngineSky/BP_Sky_Sphere.uasset" 366
"../../../../../Documents/Unreal Projects/VRS/Content/FirstPersonCPP/Maps/FirstPersonExampleMap_BuiltData.uasset" 367
"../../../../../Documents/Unreal Projects/VRS/Content/FirstPerson/RoomItem.uasset" 368
"../../../../../Documents/Unreal Projects/VRS/Content/FirstPerson/MainMenu.uasset" 369
"../../../../../Documents/Unreal Projects/VRS/Content/Geometry/Meshes/1M_Cube.uasset" 370
"../../../../../Documents/Unreal Projects/VRS/Content/FirstPersonCPP/Maps/FirstPersonExampleMap.umap" 371
"../../../../../Documents/Unreal Projects/VRS/Content/StarterContent/Blueprints/Assets/FogBrightnessLUT.uasset" 372
"../../../../../Documents/Unreal Projects/VRS/Content/StarterContent/Blueprints/Assets/SunlightColorLUT.uasset" 373
"../../../../../Documents/Unreal Projects/VRS/Content/StarterContent/Blueprints/Assets/M_LightStage_Arrows.uasset" 374
"../../../Engine/Content/MapTemplates/Sky/DaylightAmbientCubemap.uasset" 375
"../../../../../Documents/Unreal Projects/VRS/Content/StarterContent/Blueprints/Assets/M_LightStage_Skybox_Master.uasset" 376
"../../../../../Documents/Unreal Projects/VRS/Content/StarterContent/Blueprints/Assets/M_LightStage_Skybox_Black.uasset" 377
"../../../../../Documents/Unreal Projects/VRS/Content/StarterContent/Blueprints/Assets/M_LightStage_Skybox_HDRI.uasset" 378
"../../../Engine/Content/EditorMaterials/Thumbnails/SkySphereMaterial.uasset" 379
"../../../../../Documents/Unreal Projects/VRS/Content/StarterContent/Blueprints/Assets/Skybox.uasset" 380
"../../../../../Documents/Unreal Projects/VRS/Content/StarterContent/Blueprints/Assets/SM_Arrows.uasset" 381
"../../../../../Documents/Unreal Projects/VRS/Content/StarterContent/HDRI/HDRI_Epic_Courtyard_Daylight.uasset" 382
"../../../../../Documents/Unreal Projects/VRS/Content/StarterContent/Blueprints/BP_LightStudio.uasset" 383
"../../../../../Documents/Unreal Projects/VRS/Content/StarterContent/Maps/Advanced_Lighting_BuiltData.uasset" 384
"../../../../../Documents/Unreal Projects/VRS/Content/StarterContent/Materials/M_AssetPlatform.uasset" 385
"../../../Engine/Content/EditorMeshes/ColorCalibrator/M_ChromeBall.uasset" 386
"../../../Engine/Content/EditorMeshes/ColorCalibrator/M_ClearCoat.uasset" 387
"../../../Engine/Content/EditorMeshes/ColorCalibrator/M_ClearCoatBlack.uasset" 388
"../../../Engine/Content/EditorMeshes/ColorCalibrator/Color_checker.uasset" 389
"../../../Engine/Content/EditorMeshes/ColorCalibrator/M_ColorGrid.uasset" 390
"../../../Engine/Content/EditorMeshes/ColorCalibrator/M_GreyBall.uasset" 391
"../../../Engine/Content/EditorMeshes/ColorCalibrator/SM_ColorCalibrator.uasset" 392
"../../../../../Documents/Unreal Projects/VRS/Content/StarterContent/Architecture/SM_AssetPlatform.uasset" 393
"../../../../../Documents/Unreal Projects/VRS/Content/StarterContent/Maps/Advanced_Lighting.umap" 394
"../../../../../Documents/Unreal Projects/VRS/Content/StarterContent/Audio/Fire01_Cue.uasset" 395
"../../../../../Documents/Unreal Projects/VRS/Content/StarterContent/Textures/T_Fire_SubUV.uasset" 396
"../../../../../Documents/Unreal Projects/VRS/Content/StarterContent/Textures/T_Fire_Tiled_D.uasset" 397
"../../../../../Documents/Unreal Projects/VRS/Content/StarterContent/Particles/Materials/M_Fire_SubUV.uasset" 398
"../../../../../Documents/Unreal Projects/VRS/Content/StarterContent/Textures/T_Water_N.uasset" 399
"../../../../../Documents/Unreal Projects/VRS/Content/StarterContent/Particles/Materials/M_Heat_Distortion.uasset" 400
"../../../../../Documents/Unreal Projects/VRS/Content/StarterContent/Particles/Materials/M_Radial_Gradient.uasset" 401
"../../../../../Documents/Unreal Projects/VRS/Content/StarterContent/Particles/P_Fire.uasset" 402
"../../../../../Documents/Unreal Projects/VRS/Content/StarterContent/Blueprints/Blueprint_Effect_Fire.uasset" 403
"../../../../../Documents/Unreal Projects/VRS/Content/StarterContent/Audio/Smoke01_Cue.uasset" 404
"../../../../../Documents/Unreal Projects/VRS/Content/StarterContent/Particles/P_Smoke.uasset" 405
"../../../../../Documents/Unreal Projects/VRS/Content/StarterContent/Blueprints/Blueprint_Effect_Smoke.uasset" 406
"../../../../../Documents/Unreal Projects/VRS/Content/StarterContent/Audio/Fire_Sparks01_Cue.uasset" 407
"../../../../../Documents/Unreal Projects/VRS/Content/StarterContent/Textures/T_Spark_Core.uasset" 408
"../../../../../Documents/Unreal Projects/VRS/Content/StarterContent/Particles/Materials/M_Spark.uasset" 409
"../../../../../Documents/Unreal Projects/VRS/Content/StarterContent/Particles/P_Sparks.uasset" 410
"../../../../../Documents/Unreal Projects/VRS/Content/StarterContent/Blueprints/Blueprint_Effect_Sparks.uasset" 411
"../../../../../Documents/Unreal Projects/VRS/Content/StarterContent/Audio/Steam01_Cue.uasset" 412
"../../../../../Documents/Unreal Projects/VRS/Content/StarterContent/Particles/P_Steam_Lit.uasset" 413
"../../../../../Documents/Unreal Projects/VRS/Content/StarterContent/Blueprints/Blueprint_Effect_Steam.uasset" 414
"../../../../../Documents/Unreal Projects/VRS/Content/StarterContent/Textures/T_Lamp_M.uasset" 415
"../../../../../Documents/Unreal Projects/VRS/Content/StarterContent/Textures/T_Lamp_N.uasset" 416
"../../../../../Documents/Unreal Projects/VRS/Content/StarterContent/Props/Materials/M_Lamp.uasset" 417
"../../../../../Documents/Unreal Projects/VRS/Content/StarterContent/Props/SM_Lamp_Ceiling.uasset" 418
"../../../../../Documents/Unreal Projects/VRS/Content/StarterContent/Blueprints/Blueprint_CeilingLight.uasset" 419
"../../../../../Documents/Unreal Projects/VRS/Content/StarterContent/Props/SM_Lamp_Wall.uasset" 420
"../../../../../Documents/Unreal Projects/VRS/Content/StarterContent/Blueprints/Blueprint_WallSconce.uasset" 421
"../../../../../Documents/Unreal Projects/VRS/Content/StarterContent/Maps/StarterMap_BuiltData.uasset" 422
"../../../Engine/Content/Functions/Engine_MaterialFunctions03/Procedurals/ComputeFilterWidth.uasset" 423
"../../../Engine/Content/EngineMaterials/AntiAliasedTextMaterialTranslucent.uasset" 424
"../../../../../Documents/Unreal Projects/VRS/Content/StarterContent/Textures/T_Brick_Clay_Beveled_D.uasset" 425
"../../../../../Documents/Unreal Projects/VRS/Content/StarterContent/Textures/T_Brick_Clay_Beveled_M.uasset" 426
"../../../../../Documents/Unreal Projects/VRS/Content/StarterContent/Textures/T_Brick_Clay_Beveled_N.uasset" 427
"../../../../../Documents/Unreal Projects/VRS/Content/StarterContent/Textures/T_MacroVariation.uasset" 428
"../../../../../Documents/Unreal Projects/VRS/Content/StarterContent/Materials/M_Brick_Clay_Beveled.uasset" 429
"../../../../../Documents/Unreal Projects/VRS/Content/StarterContent/Textures/T_Brick_Clay_New_D.uasset" 430
"../../../../../Documents/Unreal Projects/VRS/Content/StarterContent/Textures/T_Brick_Clay_New_M.uasset" 431
"../../../../../Documents/Unreal Projects/VRS/Content/StarterContent/Textures/T_Brick_Clay_New_N.uasset" 432
"../../../../../Documents/Unreal Projects/VRS/Content/StarterContent/Materials/M_Brick_Clay_New.uasset" 433
"../../../../../Documents/Unreal Projects/VRS/Content/StarterContent/Textures/T_Brick_Clay_Old_D.uasset" 434
"../../../../../Documents/Unreal Projects/VRS/Content/StarterContent/Textures/T_Brick_Clay_Old_N.uasset" 435
"../../../../../Documents/Unreal Projects/VRS/Content/StarterContent/Textures/T_Perlin_Noise_M.uasset" 436
"../../../../../Documents/Unreal Projects/VRS/Content/StarterContent/Materials/M_Brick_Clay_Old.uasset" 437
"../../../../../Documents/Unreal Projects/VRS/Content/StarterContent/Textures/T_Brick_Cut_Stone_D.uasset" 438
"../../../../../Documents/Unreal Projects/VRS/Content/StarterContent/Textures/T_Brick_Cut_Stone_N.uasset" 439
"../../../../../Documents/Unreal Projects/VRS/Content/StarterContent/Materials/M_Brick_Cut_Stone.uasset" 440
"../../../../../Documents/Unreal Projects/VRS/Content/StarterContent/Textures/T_Brick_Hewn_Stone_D.uasset" 441
"../../../../../Documents/Unreal Projects/VRS/Content/StarterContent/Textures/T_Brick_Hewn_Stone_M.uasset" 442
"../../../../../Documents/Unreal Projects/VRS/Content/StarterContent/Textures/T_Brick_Hewn_Stone_N.uasset" 443
"../../../../../Documents/Unreal Projects/VRS/Content/StarterContent/Materials/M_Brick_Hewn_Stone.uasset" 444
"../../../../../Documents/Unreal Projects/VRS/Content/StarterContent/Textures/T_Ceramic_Tile_M.uasset" 445
"../../../../../Documents/Unreal Projects/VRS/Content/StarterContent/Textures/T_Ceramic_Tile_N.uasset" 446
"../../../../../Documents/Unreal Projects/VRS/Content/StarterContent/Textures/T_Rock_Marble_Polished_D.uasset" 447
"../../../../../Documents/Unreal Projects/VRS/Content/StarterContent/Materials/M_Ceramic_Tile_Checker.uasset" 448
"../../../../../Documents/Unreal Projects/VRS/Content/StarterContent/Textures/T_CobbleStone_Pebble_D.uasset" 449
"../../../../../Documents/Unreal Projects/VRS/Content/StarterContent/Textures/T_CobbleStone_Pebble_M.uasset" 450
"../../../../../Documents/Unreal Projects/VRS/Content/StarterContent/Textures/T_CobbleStone_Pebble_N.uasset" 451
"../../../../../Documents/Unreal Projects/VRS/Content/StarterContent/Materials/M_CobbleStone_Pebble.uasset" 452
"../../../../../Documents/Unreal Projects/VRS/Content/StarterContent/Textures/T_CobbleStone_Rough_D.uasset" 453
"../../../../../Documents/Unreal Projects/VRS/Content/StarterContent/Textures/T_CobbleStone_Rough_N.uasset" 454
"../../../../../Documents/Unreal Projects/VRS/Content/StarterContent/Textures/T_Gradinet_01.uasset" 455
"../../../../../Documents/Unreal Projects/VRS/Content/StarterContent/Textures/T_Rock_Smooth_Granite_D.uasset" 456
"../../../../../Documents/Unreal Projects/VRS/Content/StarterContent/Materials/M_CobbleStone_Rough.uasset" 457
"../../../../../Documents/Unreal Projects/VRS/Content/StarterContent/Textures/T_CobbleStone_Smooth_D.uasset" 458
"../../../../../Documents/Unreal Projects/VRS/Content/StarterContent/Textures/T_CobbleStone_Smooth_M.uasset" 459
"../../../../../Documents/Unreal Projects/VRS/Content/StarterContent/Textures/T_CobbleStone_Smooth_N.uasset" 460
"../../../../../Documents/Unreal Projects/VRS/Content/StarterContent/Materials/M_CobbleStone_Smooth.uasset" 461
"../../../../../Documents/Unreal Projects/VRS/Content/StarterContent/Textures/T_Concrete_Grime_D.uasset" 462
"../../../../../Documents/Unreal Projects/VRS/Content/StarterContent/Textures/T_Metal_Rust_N.uasset" 463
"../../../../../Documents/Unreal Projects/VRS/Content/StarterContent/Materials/M_Concrete_Grime.uasset" 464
"../../../../../Documents/Unreal Projects/VRS/Content/StarterContent/Textures/T_Concrete_Panels_D.uasset" 465
"../../../../../Documents/Unreal Projects/VRS/Content/StarterContent/Textures/T_Concrete_Panels_N.uasset" 466
"../../../../../Documents/Unreal Projects/VRS/Content/StarterContent/Materials/M_Concrete_Panels.uasset" 467
"../../../../../Documents/Unreal Projects/VRS/Content/StarterContent/Textures/T_Concrete_Poured_D.uasset" 468
"../../../../../Documents/Unreal Projects/VRS/Content/StarterContent/Textures/T_Concrete_Poured_N.uasset" 469
"../../../../../Documents/Unreal Projects/VRS/Content/StarterContent/Materials/M_Concrete_Poured.uasset" 470
"../../../../../Documents/Unreal Projects/VRS/Content/StarterContent/Textures/T_Concrete_Tiles_D.uasset" 471
"../../../../../Documents/Unreal Projects/VRS/Content/StarterContent/Textures/T_Concrete_Tiles_M.uasset" 472
"../../../../../Documents/Unreal Projects/VRS/Content/StarterContent/Textures/T_Concrete_Tiles_N.uasset" 473
"../../../../../Documents/Unreal Projects/VRS/Content/StarterContent/Textures/T_Concrete_Tiles_Variation_M.uasset" 474
"../../../../../Documents/Unreal Projects/VRS/Content/StarterContent/Materials/M_Concrete_Tiles.uasset" 475
"../../../../../Documents/Unreal Projects/VRS/Content/StarterContent/Textures/T_Ground_Grass_D.uasset" 476
"../../../../../Documents/Unreal Projects/VRS/Content/StarterContent/Textures/T_Ground_Grass_N.uasset" 477
"../../../../../Documents/Unreal Projects/VRS/Content/StarterContent/Materials/M_Ground_Grass.uasset" 478
"../../../../../Documents/Unreal Projects/VRS/Content/StarterContent/Textures/T_Ground_Gravel_D.uasset" 479
"../../../../../Documents/Unreal Projects/VRS/Content/StarterContent/Textures/T_Ground_Gravel_N.uasset" 480
"../../../../../Documents/Unreal Projects/VRS/Content/StarterContent/Materials/M_Ground_Gravel.uasset" 481
"../../../../../Documents/Unreal Projects/VRS/Content/StarterContent/Textures/T_ground_Moss_D.uasset" 482
"../../../../../Documents/Unreal Projects/VRS/Content/StarterContent/Textures/T_Ground_Moss_N.uasset" 483
"../../../../../Documents/Unreal Projects/VRS/Content/StarterContent/Materials/M_Ground_Moss.uasset" 484
"../../../../../Documents/Unreal Projects/VRS/Content/StarterContent/Materials/M_Metal_Brushed_Nickel.uasset" 485
"../../../../../Documents/Unreal Projects/VRS/Content/StarterContent/Textures/T_Metal_Aluminum_D.uasset" 486
"../../../../../Documents/Unreal Projects/VRS/Content/StarterContent/Textures/T_Metal_Gold_N.uasset" 487
"../../../../../Documents/Unreal Projects/VRS/Content/StarterContent/Materials/M_Metal_Burnished_Steel.uasset" 488
"../../../../../Documents/Unreal Projects/VRS/Content/StarterContent/Materials/M_Metal_Chrome.uasset" 489
"../../../../../Documents/Unreal Projects/VRS/Content/StarterContent/Textures/T_Metal_Copper_D.uasset" 490
"../../../../../Documents/Unreal Projects/VRS/Content/StarterContent/Materials/M_Metal_Copper.uasset" 491
"../../../../../Documents/Unreal Projects/VRS/Content/StarterContent/Textures/T_Metal_Gold_D.uasset" 492
"../../../../../Documents/Unreal Projects/VRS/Content/StarterContent/Materials/M_Metal_Gold.uasset" 493
"../../../../../Documents/Unreal Projects/VRS/Content/StarterContent/Textures/T_Metal_Rust_D.uasset" 494
"../../../../../Documents/Unreal Projects/VRS/Content/StarterContent/Materials/M_Metal_Rust.uasset" 495
"../../../../../Documents/Unreal Projects/VRS/Content/StarterContent/Textures/T_Metal_Steel_D.uasset" 496
"../../../../../Documents/Unreal Projects/VRS/Content/StarterContent/Textures/T_Metal_Steel_N.uasset" 497
"../../../../../Documents/Unreal Projects/VRS/Content/StarterContent/Materials/M_Metal_Steel.uasset" 498
"../../../../../Documents/Unreal Projects/VRS/Content/StarterContent/Textures/T_Rock_Basalt_N.uasset" 499
"../../../../../Documents/Unreal Projects/VRS/Content/StarterContent/Materials/M_Rock_Basalt.uasset" 500
"../../../../../Documents/Unreal Projects/VRS/Content/StarterContent/Materials/M_Rock_Marble_Polished.uasset" 501
"../../../../../Documents/Unreal Projects/VRS/Content/StarterContent/Textures/T_Rock_Sandstone_D.uasset" 502
"../../../../../Documents/Unreal Projects/VRS/Content/StarterContent/Textures/T_Rock_Sandstone_N.uasset" 503
"../../../../../Documents/Unreal Projects/VRS/Content/StarterContent/Materials/M_Rock_Sandstone.uasset" 504
"../../../../../Documents/Unreal Projects/VRS/Content/StarterContent/Textures/T_Rock_Slate_D.uasset" 505
"../../../../../Documents/Unreal Projects/VRS/Content/StarterContent/Textures/T_Rock_Slate_N.uasset" 506
"../../../../../Documents/Unreal Projects/VRS/Content/StarterContent/Materials/M_Rock_Slate.uasset" 507
"../../../../../Documents/Unreal Projects/VRS/Content/StarterContent/Textures/T_Checker_Noise_M.uasset" 508
"../../../../../Documents/Unreal Projects/VRS/Content/StarterContent/Textures/T_Single_Tile_N.uasset" 509
"../../../../../Documents/Unreal Projects/VRS/Content/StarterContent/Textures/T_Tech_Dot_M.uasset" 510
"../../../../../Documents/Unreal Projects/VRS/Content/StarterContent/Textures/T_Tech_Dot_N.uasset" 511
"../../../../../Documents/Unreal Projects/VRS/Content/StarterContent/Materials/M_Tech_Checker_Dot.uasset" 512
"../../../../../Documents/Unreal Projects/VRS/Content/StarterContent/Textures/T_Tech_Hex_Tile_M.uasset" 513
"../../../../../Documents/Unreal Projects/VRS/Content/StarterContent/Textures/T_Tech_Hex_Tile_N.uasset" 514
"../../../../../Documents/Unreal Projects/VRS/Content/StarterContent/Materials/M_Tech_Hex_Tile.uasset" 515
"../../../../../Documents/Unreal Projects/VRS/Content/StarterContent/Materials/M_Tech_Hex_Tile_Pulse.uasset" 516
"../../../../../Documents/Unreal Projects/VRS/Content/StarterContent/Textures/T_Tech_Panel_M.uasset" 517
"../../../../../Documents/Unreal Projects/VRS/Content/StarterContent/Textures/T_Tech_Panel_N.uasset" 518
"../../../../../Documents/Unreal Projects/VRS/Content/StarterContent/Materials/M_Tech_Panel.uasset" 519
"../../../../../Documents/Unreal Projects/VRS/Content/StarterContent/Materials/M_Water_Lake.uasset" 520
"../../../../../Documents/Unreal Projects/VRS/Content/StarterContent/Textures/T_Water_M.uasset" 521
"../../../../../Documents/Unreal Projects/VRS/Content/StarterContent/Materials/M_Water_Ocean.uasset" 522
"../../../../../Documents/Unreal Projects/VRS/Content/StarterContent/Textures/T_Wood_Floor_Walnut_D.uasset" 523
"../../../../../Documents/Unreal Projects/VRS/Content/StarterContent/Textures/T_Wood_Floor_Walnut_M.uasset" 524
"../../../../../Documents/Unreal Projects/VRS/Content/StarterContent/Textures/T_Wood_Floor_Walnut_N.uasset" 525
"../../../../../Documents/Unreal Projects/VRS/Content/StarterContent/Materials/M_Wood_Floor_Walnut_Polished.uasset" 526
"../../../Engine/Content/Functions/Engine_MaterialFunctions01/Opacity/AlphaOffset.uasset" 527
"../../../../../Documents/Unreal Projects/VRS/Content/StarterContent/Materials/M_Wood_Floor_Walnut_Worn.uasset" 528
"../../../../../Documents/Unreal Projects/VRS/Content/StarterContent/Textures/T_Wood_Oak_D.uasset" 529
"../../../../../Documents/Unreal Projects/VRS/Content/StarterContent/Textures/T_Wood_Oak_N.uasset" 530
"../../../../../Documents/Unreal Projects/VRS/Content/StarterContent/Materials/M_Wood_Oak.uasset" 531
"../../../../../Documents/Unreal Projects/VRS/Content/StarterContent/Textures/T_Wood_Pine_D.uasset" 532
"../../../../../Documents/Unreal Projects/VRS/Content/StarterContent/Textures/T_Wood_Pine_N.uasset" 533
"../../../../../Documents/Unreal Projects/VRS/Content/StarterContent/Materials/M_Wood_Pine.uasset" 534
"../../../../../Documents/Unreal Projects/VRS/Content/StarterContent/Textures/T_Wood_Walnut_D.uasset" 535
"../../../../../Documents/Unreal Projects/VRS/Content/StarterContent/Textures/T_Wood_Walnut_N.uasset" 536
"../../../../../Documents/Unreal Projects/VRS/Content/StarterContent/Materials/M_Wood_Walnut.uasset" 537
"../../../../../Documents/Unreal Projects/VRS/Content/StarterContent/Architecture/Floor_400x400.uasset" 538
"../../../../../Documents/Unreal Projects/VRS/Content/StarterContent/Architecture/Wall_400x200.uasset" 539
"../../../../../Documents/Unreal Projects/VRS/Content/StarterContent/Architecture/Wall_Door_400x300.uasset" 540
"../../../../../Documents/Unreal Projects/VRS/Content/StarterContent/Architecture/Wall_Window_400x300.uasset" 541
"../../../../../Documents/Unreal Projects/VRS/Content/StarterContent/Audio/Collapse_Cue.uasset" 542
"../../../../../Documents/Unreal Projects/VRS/Content/StarterContent/Audio/Starter_Background_Cue.uasset" 543
"../../../../../Documents/Unreal Projects/VRS/Content/StarterContent/Audio/Starter_Music_Cue.uasset" 544
"../../../../../Documents/Unreal Projects/VRS/Content/StarterContent/Textures/T_Dust_Particle_D.uasset" 545
"../../../../../Documents/Unreal Projects/VRS/Content/StarterContent/Particles/Materials/M_Dust_Particle.uasset" 546
"../../../../../Documents/Unreal Projects/VRS/Content/StarterContent/Particles/P_Ambient_Dust.uasset" 547
"../../../../../Documents/Unreal Projects/VRS/Content/StarterContent/Props/MaterialSphere.uasset" 548
"../../../../../Documents/Unreal Projects/VRS/Content/StarterContent/Props/SM_Chair.uasset" 549
"../../../../../Documents/Unreal Projects/VRS/Content/StarterContent/Textures/T_Frame_M.uasset" 550
"../../../../../Documents/Unreal Projects/VRS/Content/StarterContent/Textures/T_Frame_N.uasset" 551
"../../../../../Documents/Unreal Projects/VRS/Content/StarterContent/Props/Materials/M_Frame.uasset" 552
"../../../../../Documents/Unreal Projects/VRS/Content/StarterContent/Props/SM_CornerFrame.uasset" 553
"../../../../../Documents/Unreal Projects/VRS/Content/StarterContent/Props/SM_DoorFrame.uasset" 554
"../../../../../Documents/Unreal Projects/VRS/Content/StarterContent/Props/SM_GlassWindow.uasset" 555
"../../../../../Documents/Unreal Projects/VRS/Content/StarterContent/Props/SM_PillarFrame.uasset" 556
"../../../../../Documents/Unreal Projects/VRS/Content/StarterContent/Props/SM_PillarFrame300.uasset" 557
"../../../../../Documents/Unreal Projects/VRS/Content/StarterContent/Textures/T_Statue_M.uasset" 558
"../../../../../Documents/Unreal Projects/VRS/Content/StarterContent/Textures/T_Statue_N.uasset" 559
"../../../../../Documents/Unreal Projects/VRS/Content/StarterContent/Props/Materials/M_Statue.uasset" 560
"../../../../../Documents/Unreal Projects/VRS/Content/StarterContent/Props/Materials/M_StatueGlass.uasset" 561
"../../../../../Documents/Unreal Projects/VRS/Content/StarterContent/Props/SM_Statue.uasset" 562
"../../../../../Documents/Unreal Projects/VRS/Content/StarterContent/Textures/T_TableRound_M.uasset" 563
"../../../../../Documents/Unreal Projects/VRS/Content/StarterContent/Textures/T_TableRound_N.uasset" 564
"../../../../../Documents/Unreal Projects/VRS/Content/StarterContent/Props/Materials/M_TableRound.uasset" 565
"../../../../../Documents/Unreal Projects/VRS/Content/StarterContent/Props/SM_TableRound.uasset" 566
"../../../../../Documents/Unreal Projects/VRS/Content/StarterContent/Props/SM_WindowFrame.uasset" 567
"../../../../../Documents/Unreal Projects/VRS/Content/StarterContent/Shapes/Shape_Cube.uasset" 568
"../../../../../Documents/Unreal Projects/VRS/Content/StarterContent/Shapes/Shape_QuadPyramid.uasset" 569
"../../../../../Documents/Unreal Projects/VRS/Content/StarterContent/Shapes/Shape_Sphere.uasset" 570
"../../../../../Documents/Unreal Projects/VRS/Content/StarterContent/Maps/StarterMap.umap" 571
"../../../../../Documents/Unreal Projects/VRS/Content/StarterContent/Maps/Minimal_Default_BuiltData.uasset" 572
"../../../../../Documents/Unreal Projects/VRS/Content/StarterContent/Maps/Minimal_Default.umap" 573
"../../../Engine/Content/Maps/Entry.umap" 574
